TN:
SF:script/Axelar.s.sol
FN:14,AxelarScript.setUp
FNDA:0,AxelarScript.setUp
FN:16,AxelarScript.run
FNDA:0,AxelarScript.run
DA:17,0
DA:19,0
DA:21,0
DA:22,0
DA:25,0
DA:26,0
DA:29,0
BRDA:29,0,0,-
BRDA:29,0,1,-
DA:30,0
DA:31,0
DA:33,0
DA:34,0
DA:35,0
DA:36,0
DA:38,0
DA:39,0
DA:40,0
DA:41,0
DA:42,0
DA:43,0
DA:44,0
DA:46,0
DA:47,0
DA:49,0
DA:52,0
DA:53,0
DA:54,0
DA:55,0
DA:56,0
DA:57,0
DA:60,0
DA:61,0
DA:63,0
FNF:2
FNH:0
LF:32
LH:0
BRF:2
BRH:0
end_of_record
TN:
SF:script/Deployer.sol
FN:36,Deployer.deployInvestmentManager
FNDA:0,Deployer.deployInvestmentManager
DA:37,512
DA:38,512
DA:39,512
DA:40,512
DA:42,512
DA:44,512
DA:45,512
DA:46,512
DA:47,512
DA:48,512
DA:51,512
DA:52,512
FN:55,Deployer.wire
FNDA:0,Deployer.wire
DA:57,512
DA:58,512
DA:59,512
DA:60,512
DA:61,512
DA:62,512
DA:63,512
DA:66,512
DA:67,512
DA:68,512
DA:69,512
DA:70,512
DA:71,512
DA:72,512
DA:73,512
DA:74,512
DA:75,512
DA:76,512
DA:77,512
DA:78,512
DA:79,512
FN:82,Deployer.giveAdminAccess
FNDA:0,Deployer.giveAdminAccess
DA:83,512
DA:84,512
FN:87,Deployer.removeDeployerAccess
FNDA:0,Deployer.removeDeployerAccess
DA:88,0
DA:89,0
DA:90,0
DA:91,0
DA:92,0
DA:93,0
DA:94,0
DA:95,0
FNF:4
FNH:0
LF:43
LH:35
BRF:0
BRH:0
end_of_record
TN:
SF:script/Permissionless.s.sol
FN:10,PermissionlessScript.setUp
FNDA:0,PermissionlessScript.setUp
FN:12,PermissionlessScript.run
FNDA:0,PermissionlessScript.run
DA:13,0
DA:15,0
DA:18,0
DA:19,0
DA:20,0
DA:21,0
DA:23,0
DA:26,0
BRDA:26,0,0,-
BRDA:26,0,1,-
DA:27,0
DA:28,0
DA:29,0
DA:30,0
DA:31,0
DA:32,0
DA:33,0
DA:34,0
DA:35,0
DA:36,0
DA:39,0
DA:42,0
FNF:2
FNH:0
LF:20
LH:0
BRF:2
BRH:0
end_of_record
TN:
SF:src/Escrow.sol
FN:24,Escrow.approve
FNDA:49412,Escrow.approve
DA:25,49412
DA:26,49412
FNF:1
FNH:1
LF:2
LH:2
BRF:0
BRH:0
end_of_record
TN:
SF:src/InvestmentManager.sol
FN:139,InvestmentManager.file
FNDA:2048,InvestmentManager.file
DA:140,1792
BRDA:140,0,0,768
BRDA:140,0,1,1024
DA:141,1024
BRDA:141,1,0,768
BRDA:141,1,1,256
DA:142,256
DA:143,1536
FN:153,InvestmentManager.requestDeposit
FNDA:6656,InvestmentManager.requestDeposit
DA:154,6656
DA:155,6656
DA:156,6400
BRDA:156,2,0,-
BRDA:156,2,1,6400
DA:158,6400
DA:159,6400
DA:160,6400
DA:161,6400
DA:163,6400
DA:164,6400
BRDA:164,3,0,256
BRDA:164,3,1,6144
DA:170,6144
DA:172,5376
DA:173,5376
DA:175,5376
FN:183,InvestmentManager.requestRedeem
FNDA:3328,InvestmentManager.requestRedeem
DA:184,3328
DA:185,3328
DA:186,3072
BRDA:186,4,0,-
BRDA:186,4,1,3072
DA:188,3072
DA:189,3072
DA:190,3072
DA:191,3072
DA:193,3072
DA:196,3072
DA:198,2304
DA:199,2304
DA:201,2304
FN:204,InvestmentManager.decreaseDepositRequest
FNDA:512,InvestmentManager.decreaseDepositRequest
DA:205,512
DA:206,256
DA:207,256
FN:216,InvestmentManager.decreaseRedeemRequest
FNDA:512,InvestmentManager.decreaseRedeemRequest
DA:217,512
DA:218,256
DA:219,256
BRDA:219,5,0,-
BRDA:219,5,1,256
DA:223,256
FN:232,InvestmentManager.cancelDepositRequest
FNDA:256,InvestmentManager.cancelDepositRequest
DA:233,256
DA:234,256
FN:242,InvestmentManager.cancelRedeemRequest
FNDA:256,InvestmentManager.cancelRedeemRequest
DA:243,256
DA:244,256
DA:245,256
BRDA:245,6,0,-
BRDA:245,6,1,256
DA:249,256
FN:257,InvestmentManager.collectDeposit
FNDA:256,InvestmentManager.collectDeposit
DA:258,256
DA:259,256
DA:260,256
DA:261,256
BRDA:261,7,0,-
BRDA:261,7,1,256
DA:265,256
FN:273,InvestmentManager.collectRedeem
FNDA:256,InvestmentManager.collectRedeem
DA:274,256
DA:275,256
FN:284,InvestmentManager.updateTrancheTokenPrice
FNDA:5632,InvestmentManager.updateTrancheTokenPrice
DA:288,5376
DA:289,5376
DA:290,5376
BRDA:290,8,0,256
BRDA:290,8,1,5120
DA:292,5120
FN:295,InvestmentManager.handleExecutedCollectInvest
FNDA:5120,InvestmentManager.handleExecutedCollectInvest
DA:304,5120
BRDA:304,9,0,-
BRDA:304,9,1,5120
DA:305,5120
DA:306,5120
DA:307,5120
BRDA:307,10,0,-
BRDA:307,10,1,5120
DA:309,5120
DA:310,5120
DA:311,5120
DA:312,5120
DA:314,5120
DA:315,5120
DA:317,5120
FN:320,InvestmentManager.handleExecutedCollectRedeem
FNDA:1792,InvestmentManager.handleExecutedCollectRedeem
DA:329,1792
BRDA:329,11,0,-
BRDA:329,11,1,1792
DA:330,1792
DA:331,1792
DA:332,1792
BRDA:332,12,0,-
BRDA:332,12,1,1792
DA:334,1792
DA:335,1792
DA:336,1792
DA:337,1792
DA:339,1792
DA:340,1792
DA:341,1792
DA:343,1792
FN:346,InvestmentManager.handleExecutedDecreaseInvestOrder
FNDA:512,InvestmentManager.handleExecutedDecreaseInvestOrder
DA:354,512
BRDA:354,13,0,-
BRDA:354,13,1,512
DA:356,512
DA:357,512
DA:358,512
BRDA:358,14,0,-
BRDA:358,14,1,512
DA:359,512
BRDA:359,15,0,-
BRDA:359,15,1,512
DA:362,512
DA:364,512
DA:365,512
DA:370,512
DA:371,512
DA:373,512
FN:379,InvestmentManager.handleExecutedDecreaseRedeemOrder
FNDA:512,InvestmentManager.handleExecutedDecreaseRedeemOrder
DA:387,512
BRDA:387,16,0,-
BRDA:387,16,1,512
DA:389,512
DA:390,512
DA:391,512
BRDA:391,17,0,-
BRDA:391,17,1,512
DA:393,512
DA:394,512
DA:399,512
DA:400,512
DA:402,512
FN:405,InvestmentManager.handleTriggerIncreaseRedeemOrder
FNDA:256,InvestmentManager.handleTriggerIncreaseRedeemOrder
DA:412,256
DA:415,256
DA:417,256
DA:418,256
FN:422,InvestmentManager.totalAssets
FNDA:1024,InvestmentManager.totalAssets
DA:423,1024
FN:428,InvestmentManager.convertToShares
FNDA:2304,InvestmentManager.convertToShares
DA:429,8960
DA:430,8960
BRDA:430,18,0,3090
BRDA:430,18,1,8960
DA:432,3090
DA:435,8960
DA:436,8960
DA:438,8704
FN:445,InvestmentManager.convertToAssets
FNDA:1280,InvestmentManager.convertToAssets
DA:446,2304
DA:447,2304
BRDA:447,19,0,256
BRDA:447,19,1,2304
DA:449,256
DA:452,2304
DA:453,2304
DA:455,2048
FN:461,InvestmentManager.maxDeposit
FNDA:3072,InvestmentManager.maxDeposit
DA:462,3072
FN:466,InvestmentManager.maxMint
FNDA:4608,InvestmentManager.maxMint
DA:467,4608
FN:471,InvestmentManager.maxWithdraw
FNDA:3328,InvestmentManager.maxWithdraw
DA:472,3328
FN:476,InvestmentManager.maxRedeem
FNDA:2816,InvestmentManager.maxRedeem
DA:477,2816
FN:481,InvestmentManager.previewDeposit
FNDA:768,InvestmentManager.previewDeposit
DA:486,768
DA:487,512
DA:488,512
BRDA:488,20,0,-
BRDA:488,20,1,512
DA:490,512
FN:494,InvestmentManager.previewMint
FNDA:768,InvestmentManager.previewMint
DA:499,768
DA:500,512
DA:501,512
BRDA:501,21,0,-
BRDA:501,21,1,512
DA:503,512
FN:507,InvestmentManager.previewWithdraw
FNDA:512,InvestmentManager.previewWithdraw
DA:512,512
DA:513,256
DA:514,256
BRDA:514,22,0,-
BRDA:514,22,1,256
DA:516,256
FN:520,InvestmentManager.previewRedeem
FNDA:512,InvestmentManager.previewRedeem
DA:525,512
DA:526,256
DA:527,256
BRDA:527,23,0,-
BRDA:527,23,1,256
DA:529,256
FN:532,InvestmentManager.userDepositRequest
FNDA:1024,InvestmentManager.userDepositRequest
DA:533,1280
FN:536,InvestmentManager.userRedeemRequest
FNDA:512,InvestmentManager.userRedeemRequest
DA:537,768
FN:546,InvestmentManager.processDeposit
FNDA:3328,InvestmentManager.processDeposit
DA:551,3328
DA:552,3072
BRDA:552,24,0,-
BRDA:552,24,1,3072
DA:557,3072
DA:558,3072
BRDA:558,25,0,-
BRDA:558,25,1,3072
DA:560,3072
DA:561,3072
DA:562,2816
FN:574,InvestmentManager.processMint
FNDA:2560,InvestmentManager.processMint
DA:579,2560
DA:580,2304
BRDA:580,26,0,-
BRDA:580,26,1,2304
DA:585,2304
DA:586,2304
BRDA:586,27,0,-
BRDA:586,27,1,2304
DA:588,2304
DA:589,2304
DA:590,2048
FN:593,InvestmentManager._deposit
FNDA:5376,InvestmentManager._deposit
DA:600,5376
DA:603,5376
DA:604,5376
DA:605,5376
DA:608,5376
BRDA:608,28,0,-
BRDA:608,28,1,4864
DA:613,4864
FN:623,InvestmentManager.processRedeem
FNDA:2048,InvestmentManager.processRedeem
DA:628,2048
DA:629,1792
BRDA:629,29,0,-
BRDA:629,29,1,1792
DA:634,1792
DA:635,1792
BRDA:635,30,0,-
BRDA:635,30,1,1792
DA:637,1792
DA:638,1792
DA:639,1280
FN:648,InvestmentManager.processWithdraw
FNDA:2304,InvestmentManager.processWithdraw
DA:653,2304
DA:654,2048
BRDA:654,31,0,-
BRDA:654,31,1,2048
DA:659,2048
DA:660,2048
BRDA:660,32,0,-
BRDA:660,32,1,2048
DA:662,2048
DA:663,2048
DA:664,1536
FN:667,InvestmentManager._redeem
FNDA:3840,InvestmentManager._redeem
DA:674,3840
DA:677,3840
DA:678,3840
DA:679,3840
DA:682,3840
DA:684,2816
FN:688,InvestmentManager.calculateDepositPrice
FNDA:1536,InvestmentManager.calculateDepositPrice
DA:689,7936
DA:690,7936
BRDA:690,33,0,-
BRDA:690,33,1,7936
DA:691,0
DA:694,7936
FN:697,InvestmentManager.calculateRedeemPrice
FNDA:512,InvestmentManager.calculateRedeemPrice
DA:698,4864
DA:699,4864
BRDA:699,34,0,-
BRDA:699,34,1,4864
DA:700,0
DA:703,4864
FN:706,InvestmentManager._calculatePrice
FNDA:0,InvestmentManager._calculatePrice
DA:711,19712
DA:712,19712
DA:713,19712
DA:715,19712
FN:720,InvestmentManager._updateLiquidityPoolPrice
FNDA:6912,InvestmentManager._updateLiquidityPoolPrice
DA:723,6912
DA:724,6912
FN:727,InvestmentManager._calculateTrancheTokenAmount
FNDA:5888,InvestmentManager._calculateTrancheTokenAmount
DA:732,5888
DA:734,5888
DA:738,5888
FN:741,InvestmentManager._calculateCurrencyAmount
FNDA:4864,InvestmentManager._calculateCurrencyAmount
DA:746,4864
DA:748,4864
DA:752,4864
FN:757,InvestmentManager._toUint128
FNDA:52736,InvestmentManager._toUint128
DA:758,52736
BRDA:758,35,0,3584
BRDA:758,35,1,49152
DA:759,3584
DA:761,49152
FN:767,InvestmentManager._toPriceDecimals
FNDA:50176,InvestmentManager._toPriceDecimals
DA:768,50176
BRDA:768,36,0,6912
BRDA:768,36,1,43264
DA:769,43264
FN:773,InvestmentManager._fromPriceDecimals
FNDA:10752,InvestmentManager._fromPriceDecimals
DA:774,10752
BRDA:774,37,0,768
BRDA:774,37,1,9984
DA:775,9984
FN:779,InvestmentManager._getPoolDecimals
FNDA:41728,InvestmentManager._getPoolDecimals
DA:784,41728
DA:785,41728
FNF:44
FNH:43
LF:204
LH:202
BRF:76
BRH:47
end_of_record
TN:
SF:src/LiquidityPool.sol
FN:119,LiquidityPool.file
FNDA:768,LiquidityPool.file
DA:120,512
BRDA:120,0,0,256
BRDA:120,0,1,256
DA:121,256
DA:122,256
FN:127,LiquidityPool.totalAssets
FNDA:1024,LiquidityPool.totalAssets
DA:128,1024
FN:134,LiquidityPool.convertToShares
FNDA:2304,LiquidityPool.convertToShares
DA:135,2304
FN:141,LiquidityPool.convertToAssets
FNDA:1280,LiquidityPool.convertToAssets
DA:142,1280
FN:146,LiquidityPool.maxDeposit
FNDA:3072,LiquidityPool.maxDeposit
DA:147,3072
FN:151,LiquidityPool.previewDeposit
FNDA:768,LiquidityPool.previewDeposit
DA:152,768
FN:157,LiquidityPool.deposit
FNDA:3328,LiquidityPool.deposit
DA:158,3328
DA:159,2816
FN:164,LiquidityPool.mint
FNDA:2560,LiquidityPool.mint
DA:165,2560
DA:166,2048
FN:170,LiquidityPool.maxMint
FNDA:4608,LiquidityPool.maxMint
DA:171,4608
FN:175,LiquidityPool.previewMint
FNDA:768,LiquidityPool.previewMint
DA:176,768
FN:180,LiquidityPool.maxWithdraw
FNDA:3328,LiquidityPool.maxWithdraw
DA:181,3328
FN:185,LiquidityPool.previewWithdraw
FNDA:512,LiquidityPool.previewWithdraw
DA:186,512
FN:191,LiquidityPool.withdraw
FNDA:2816,LiquidityPool.withdraw
DA:196,2304
DA:197,1536
FN:201,LiquidityPool.maxRedeem
FNDA:2816,LiquidityPool.maxRedeem
DA:202,2816
FN:206,LiquidityPool.previewRedeem
FNDA:512,LiquidityPool.previewRedeem
DA:207,512
FN:214,LiquidityPool.redeem
FNDA:2560,LiquidityPool.redeem
DA:219,2048
DA:220,1280
FN:227,LiquidityPool.requestDeposit
FNDA:7168,LiquidityPool.requestDeposit
DA:228,6400
DA:229,5120
FN:233,LiquidityPool.requestDepositWithPermit
FNDA:256,LiquidityPool.requestDepositWithPermit
DA:236,256
DA:237,256
DA:238,256
FN:242,LiquidityPool.userDepositRequest
FNDA:1024,LiquidityPool.userDepositRequest
DA:243,1024
FN:248,LiquidityPool.decreaseDepositRequest
FNDA:512,LiquidityPool.decreaseDepositRequest
DA:249,512
DA:250,256
FN:255,LiquidityPool.cancelDepositRequest
FNDA:256,LiquidityPool.cancelDepositRequest
DA:256,256
DA:257,256
FN:263,LiquidityPool.requestRedeem
FNDA:3840,LiquidityPool.requestRedeem
DA:264,3072
DA:265,2048
FN:269,LiquidityPool.requestRedeemWithPermit
FNDA:256,LiquidityPool.requestRedeemWithPermit
DA:272,256
DA:273,256
DA:274,256
FN:279,LiquidityPool.decreaseRedeemRequest
FNDA:512,LiquidityPool.decreaseRedeemRequest
DA:280,512
DA:281,256
FN:286,LiquidityPool.cancelRedeemRequest
FNDA:256,LiquidityPool.cancelRedeemRequest
DA:287,256
DA:288,256
FN:292,LiquidityPool.userRedeemRequest
FNDA:512,LiquidityPool.userRedeemRequest
DA:293,512
FN:300,LiquidityPool.collectDeposit
FNDA:256,LiquidityPool.collectDeposit
DA:301,256
DA:302,256
FN:308,LiquidityPool.collectRedeem
FNDA:256,LiquidityPool.collectRedeem
DA:309,256
DA:310,256
FN:314,LiquidityPool.name
FNDA:256,LiquidityPool.name
DA:315,256
FN:318,LiquidityPool.symbol
FNDA:256,LiquidityPool.symbol
DA:319,256
FN:322,LiquidityPool.decimals
FNDA:42240,LiquidityPool.decimals
DA:323,42240
FN:326,LiquidityPool.totalSupply
FNDA:512,LiquidityPool.totalSupply
DA:327,1536
FN:330,LiquidityPool.balanceOf
FNDA:14336,LiquidityPool.balanceOf
DA:331,14336
FN:334,LiquidityPool.allowance
FNDA:1280,LiquidityPool.allowance
DA:335,1280
FN:338,LiquidityPool.transferFrom
FNDA:8960,LiquidityPool.transferFrom
DA:339,8960
DA:340,8960
DA:341,7424
FN:344,LiquidityPool.transfer
FNDA:512,LiquidityPool.transfer
DA:345,512
DA:346,512
DA:347,256
FN:350,LiquidityPool.approve
FNDA:25344,LiquidityPool.approve
DA:351,25344
DA:352,25344
DA:353,25344
FN:356,LiquidityPool.mint
FNDA:6144,LiquidityPool.mint
DA:357,5888
DA:358,5888
FN:361,LiquidityPool.burn
FNDA:2560,LiquidityPool.burn
DA:362,2304
DA:363,2304
FN:367,LiquidityPool.updatePrice
FNDA:12032,LiquidityPool.updatePrice
DA:368,12032
DA:369,12032
DA:370,12032
FN:375,LiquidityPool.checkTransferRestriction
FNDA:8960,LiquidityPool.checkTransferRestriction
DA:376,8960
FN:381,LiquidityPool._successCheck
FNDA:43008,LiquidityPool._successCheck
DA:382,43008
BRDA:382,1,0,2304
BRDA:382,1,1,40704
FNF:42
FNH:42
LF:70
LH:70
BRF:4
BRH:4
end_of_record
TN:
SF:src/PoolManager.sol
FN:135,PoolManager.file
FNDA:1024,PoolManager.file
DA:136,1024
BRDA:136,0,0,512
BRDA:136,0,1,512
DA:137,512
BRDA:137,1,0,512
BRDA:137,1,1,-
DA:138,0
DA:139,1024
FN:143,PoolManager.transfer
FNDA:1536,PoolManager.transfer
DA:144,1536
DA:145,1536
BRDA:145,2,0,256
BRDA:145,2,1,1280
DA:147,1280
DA:148,1280
DA:150,1024
FN:153,PoolManager.transferTrancheTokensToCentrifuge
FNDA:256,PoolManager.transferTrancheTokensToCentrifuge
DA:159,256
DA:160,256
BRDA:160,3,0,-
BRDA:160,3,1,256
DA:162,256
DA:163,256
DA:165,256
FN:168,PoolManager.transferTrancheTokensToEVM
FNDA:256,PoolManager.transferTrancheTokensToEVM
DA:175,256
DA:176,256
BRDA:176,4,0,-
BRDA:176,4,1,256
DA:178,256
DA:179,256
DA:183,256
FN:189,PoolManager.addPool
FNDA:15361,PoolManager.addPool
DA:190,15105
DA:191,15105
BRDA:191,5,0,256
BRDA:191,5,1,14849
DA:192,14849
DA:193,14849
DA:194,14849
FN:200,PoolManager.allowPoolCurrency
FNDA:12032,PoolManager.allowPoolCurrency
DA:201,12032
DA:202,12032
BRDA:202,6,0,-
BRDA:202,6,1,12032
DA:204,12032
DA:205,12032
BRDA:205,7,0,256
BRDA:205,7,1,11776
DA:207,11776
DA:208,11776
FN:213,PoolManager.addTranche
FNDA:14189,PoolManager.addTranche
DA:220,13933
BRDA:220,8,0,256
BRDA:220,8,1,13677
DA:222,13677
DA:223,13677
BRDA:223,9,0,256
BRDA:223,9,1,13421
DA:224,13421
DA:225,13421
BRDA:225,10,0,256
BRDA:225,10,1,13165
DA:227,13165
DA:228,13165
DA:229,13165
DA:230,13165
DA:232,13165
FN:235,PoolManager.updateTrancheTokenMetadata
FNDA:768,PoolManager.updateTrancheTokenMetadata
DA:241,512
DA:242,512
BRDA:242,11,0,256
BRDA:242,11,1,256
DA:244,256
DA:245,256
FN:248,PoolManager.updateMember
FNDA:9472,PoolManager.updateMember
DA:249,9216
DA:250,9216
BRDA:250,12,0,256
BRDA:250,12,1,8960
DA:252,8960
DA:253,8960
FN:256,PoolManager.freeze
FNDA:256,PoolManager.freeze
DA:257,256
DA:258,256
BRDA:258,13,0,-
BRDA:258,13,1,256
DA:260,256
DA:261,256
FN:264,PoolManager.unfreeze
FNDA:256,PoolManager.unfreeze
DA:265,256
DA:266,256
BRDA:266,14,0,-
BRDA:266,14,1,256
DA:268,256
DA:269,256
FN:275,PoolManager.addCurrency
FNDA:14083,PoolManager.addCurrency
DA:277,14083
BRDA:277,15,0,-
BRDA:277,15,1,14083
DA:278,14083
BRDA:278,16,0,256
BRDA:278,16,1,13827
DA:279,13827
BRDA:279,17,0,256
BRDA:279,17,1,13571
DA:280,13571
BRDA:280,18,0,1
BRDA:280,18,1,13570
DA:282,13570
DA:283,13570
DA:286,13570
DA:289,13570
DA:291,13570
FN:294,PoolManager.handleTransfer
FNDA:768,PoolManager.handleTransfer
DA:295,768
DA:296,768
BRDA:296,19,0,-
BRDA:296,19,1,768
DA:298,768
DA:299,768
FN:302,PoolManager.handleTransferTrancheTokens
FNDA:1024,PoolManager.handleTransferTrancheTokens
DA:306,1024
DA:307,1024
BRDA:307,20,0,-
BRDA:307,20,1,1024
DA:309,1024
BRDA:309,21,0,256
BRDA:309,21,1,768
DA:313,768
FN:317,PoolManager.deployTranche
FNDA:12653,PoolManager.deployTranche
DA:318,12653
DA:319,12653
BRDA:319,22,0,-
BRDA:319,22,1,12653
DA:320,12653
BRDA:320,23,0,256
BRDA:320,23,1,12397
DA:322,12397
DA:323,12397
DA:324,12397
DA:326,12397
DA:327,12397
DA:329,12397
DA:332,12397
DA:333,12397
DA:335,12397
DA:336,12397
DA:337,12397
FN:340,PoolManager.deployLiquidityPool
FNDA:11776,PoolManager.deployLiquidityPool
DA:341,11776
DA:342,11776
BRDA:342,24,0,512
BRDA:342,24,1,11264
DA:343,11264
BRDA:343,25,0,-
BRDA:343,25,1,11008
DA:345,11008
DA:346,11008
BRDA:346,26,0,256
BRDA:346,26,1,10752
DA:348,10752
DA:349,10752
DA:350,10752
DA:354,10752
DA:355,10752
DA:358,10752
DA:359,10752
DA:360,10752
DA:361,10752
DA:363,10752
DA:364,10752
FN:368,PoolManager.getTrancheToken
FNDA:1901,PoolManager.getTrancheToken
DA:369,13677
DA:370,13677
FN:373,PoolManager.getLiquidityPool
FNDA:13568,PoolManager.getLiquidityPool
DA:374,13568
FN:377,PoolManager.isAllowedAsPoolCurrency
FNDA:9728,PoolManager.isAllowedAsPoolCurrency
DA:378,20992
DA:379,20992
BRDA:379,27,0,-
BRDA:379,27,1,20992
DA:380,20992
BRDA:380,28,0,256
BRDA:380,28,1,20736
DA:381,20736
FNF:19
FNH:19
LF:110
LH:109
BRF:58
BRH:46
end_of_record
TN:
SF:src/Root.sol
FN:43,Root.file
FNDA:3,Root.file
DA:44,3
BRDA:44,0,0,1
BRDA:44,0,1,1
DA:45,2
BRDA:45,1,0,1
BRDA:45,1,1,1
DA:46,1
DA:48,1
DA:50,1
FN:54,Root.pause
FNDA:770,Root.pause
DA:55,770
DA:56,770
FN:59,Root.unpause
FNDA:258,Root.unpause
DA:60,258
DA:61,258
FN:65,Root.scheduleRely
FNDA:9,Root.scheduleRely
DA:66,9
DA:67,9
FN:70,Root.cancelRely
FNDA:2,Root.cancelRely
DA:71,2
DA:72,2
FN:75,Root.executeScheduledRely
FNDA:8,Root.executeScheduledRely
DA:76,8
BRDA:76,2,0,2
BRDA:76,2,1,6
DA:77,6
BRDA:77,3,0,2
BRDA:77,3,1,4
DA:79,4
DA:80,4
DA:82,4
FN:90,Root.relyContract
FNDA:2305,Root.relyContract
DA:91,2305
DA:92,2305
FN:98,Root.denyContract
FNDA:257,Root.denyContract
DA:99,257
DA:100,257
FNF:8
FNH:8
LF:22
LH:22
BRF:8
BRH:8
end_of_record
TN:
SF:src/UserEscrow.sol
FN:28,UserEscrow.transferIn
FNDA:3075,UserEscrow.transferIn
DA:29,3075
DA:31,3075
DA:32,3075
FN:35,UserEscrow.transferOut
FNDA:4869,UserEscrow.transferOut
DA:36,4869
BRDA:36,0,0,2
BRDA:36,0,1,4867
DA:37,4867
BRDA:37,1,0,1536
BRDA:37,1,1,3331
DA:45,3331
DA:47,3331
DA:48,3331
FNF:2
FNH:2
LF:8
LH:8
BRF:4
BRH:4
end_of_record
TN:
SF:src/admins/DelayedAdmin.sol
FN:28,DelayedAdmin.pause
FNDA:257,DelayedAdmin.pause
DA:29,1
FN:32,DelayedAdmin.unpause
FNDA:258,DelayedAdmin.unpause
DA:33,258
FN:36,DelayedAdmin.scheduleRely
FNDA:7,DelayedAdmin.scheduleRely
DA:37,7
FN:40,DelayedAdmin.cancelRely
FNDA:2,DelayedAdmin.cancelRely
DA:41,1
FN:45,DelayedAdmin.addPauser
FNDA:2,DelayedAdmin.addPauser
DA:46,1
FN:49,DelayedAdmin.removePauser
FNDA:2,DelayedAdmin.removePauser
DA:50,1
FNF:6
FNH:6
LF:6
LH:6
BRF:0
BRH:0
end_of_record
TN:
SF:src/admins/PauseAdmin.sol
FN:31,PauseAdmin.addPauser
FNDA:2,PauseAdmin.addPauser
DA:32,2
DA:33,2
FN:36,PauseAdmin.removePauser
FNDA:2,PauseAdmin.removePauser
DA:37,2
DA:38,2
FN:42,PauseAdmin.pause
FNDA:1026,PauseAdmin.pause
DA:43,769
FNF:3
FNH:3
LF:5
LH:5
BRF:0
BRH:0
end_of_record
TN:
SF:src/gateway/Gateway.sol
FN:143,Gateway.file
FNDA:516,Gateway.file
DA:144,515
BRDA:144,0,0,257
BRDA:144,0,1,258
DA:145,258
BRDA:145,1,0,257
BRDA:145,1,1,1
DA:146,1
DA:147,514
FN:150,Gateway.addIncomingRouter
FNDA:769,Gateway.addIncomingRouter
DA:151,513
DA:152,513
FN:155,Gateway.removeIncomingRouter
FNDA:512,Gateway.removeIncomingRouter
DA:156,256
DA:157,256
FN:160,Gateway.updateOutgoingRouter
FNDA:512,Gateway.updateOutgoingRouter
DA:161,256
DA:162,256
FN:166,Gateway.transferTrancheTokensToCentrifuge
FNDA:768,Gateway.transferTrancheTokensToCentrifuge
DA:173,512
FN:185,Gateway.transferTrancheTokensToEVM
FNDA:768,Gateway.transferTrancheTokensToEVM
DA:193,512
FN:205,Gateway.transfer
FNDA:1792,Gateway.transfer
DA:210,1280
FN:213,Gateway.increaseInvestOrder
FNDA:5888,Gateway.increaseInvestOrder
DA:220,5632
FN:225,Gateway.decreaseInvestOrder
FNDA:768,Gateway.decreaseInvestOrder
DA:232,512
FN:237,Gateway.increaseRedeemOrder
FNDA:3072,Gateway.increaseRedeemOrder
DA:244,2816
FN:251,Gateway.decreaseRedeemOrder
FNDA:768,Gateway.decreaseRedeemOrder
DA:258,512
FN:265,Gateway.collectInvest
FNDA:768,Gateway.collectInvest
DA:270,512
FN:273,Gateway.collectRedeem
FNDA:768,Gateway.collectRedeem
DA:278,512
FN:281,Gateway.cancelInvestOrder
FNDA:768,Gateway.cancelInvestOrder
DA:286,512
FN:289,Gateway.cancelRedeemOrder
FNDA:768,Gateway.cancelRedeemOrder
DA:294,512
FN:298,Gateway.handle
FNDA:79221,Gateway.handle
DA:299,78964
BRDA:299,2,0,513
BRDA:299,2,1,13314
DA:300,13827
DA:301,13827
DA:302,65137
BRDA:302,3,0,256
BRDA:302,3,1,14593
DA:303,14849
DA:304,14849
DA:305,50288
BRDA:305,4,0,256
BRDA:305,4,1,11520
DA:306,11776
DA:307,11776
DA:308,38512
BRDA:308,5,0,768
BRDA:308,5,1,12909
DA:309,13677
DA:316,13677
DA:317,13677
DA:318,24835
BRDA:318,6,0,256
BRDA:318,6,1,8704
DA:319,8960
DA:320,8960
DA:321,15875
BRDA:321,7,0,256
BRDA:321,7,1,5120
DA:322,5376
DA:323,5376
DA:324,5376
DA:325,10499
BRDA:325,8,0,256
BRDA:325,8,1,512
DA:326,768
DA:327,768
DA:328,9731
BRDA:328,9,0,256
BRDA:328,9,1,768
DA:329,1024
DA:330,1024
DA:331,1024
DA:332,8707
BRDA:332,10,0,-
BRDA:332,10,1,512
DA:333,512
DA:340,512
DA:341,512
DA:344,8195
BRDA:344,11,0,-
BRDA:344,11,1,512
DA:345,512
DA:352,512
DA:353,512
DA:356,7683
BRDA:356,12,0,-
BRDA:356,12,1,4864
DA:357,4864
DA:365,4864
DA:366,4864
DA:369,2819
BRDA:369,13,0,-
BRDA:369,13,1,1536
DA:370,1536
DA:378,1536
DA:379,1536
DA:382,1283
BRDA:382,14,0,-
BRDA:382,14,1,2
DA:383,2
DA:384,2
DA:385,1281
BRDA:385,15,0,-
BRDA:385,15,1,1
DA:386,1
DA:387,1
DA:388,1280
BRDA:388,16,0,256
BRDA:388,16,1,256
DA:389,512
DA:390,512
DA:391,512
DA:392,768
BRDA:392,17,0,-
BRDA:392,17,1,256
DA:393,256
DA:394,256
DA:395,256
DA:398,512
BRDA:398,18,0,-
BRDA:398,18,1,256
DA:399,256
DA:400,256
DA:401,256
BRDA:401,19,0,-
BRDA:401,19,1,256
DA:402,256
DA:403,256
DA:405,0
FN:410,Gateway._addressToBytes32
FNDA:13824,Gateway._addressToBytes32
DA:411,13824
FNF:17
FNH:17
LF:86
LH:85
BRF:40
BRH:31
end_of_record
TN:
SF:src/gateway/Messages.sol
FN:72,Messages.messageType
FNDA:326625,Messages.messageType
DA:73,326625
FN:83,Messages.formatAddCurrency
FNDA:0,Messages.formatAddCurrency
DA:84,0
FN:87,Messages.isAddCurrency
FNDA:78964,Messages.isAddCurrency
DA:88,78964
FN:91,Messages.parseAddCurrency
FNDA:13827,Messages.parseAddCurrency
DA:92,13827
DA:93,13827
FN:102,Messages.formatAddPool
FNDA:0,Messages.formatAddPool
DA:103,0
FN:106,Messages.isAddPool
FNDA:65137,Messages.isAddPool
DA:107,65137
FN:110,Messages.parseAddPool
FNDA:14849,Messages.parseAddPool
DA:111,14849
FN:121,Messages.formatAllowPoolCurrency
FNDA:0,Messages.formatAllowPoolCurrency
DA:122,0
FN:125,Messages.isAllowPoolCurrency
FNDA:50288,Messages.isAllowPoolCurrency
DA:126,50288
FN:129,Messages.parseAllowPoolCurrency
FNDA:11776,Messages.parseAllowPoolCurrency
DA:130,11776
DA:131,11776
FN:145,Messages.formatAddTranche
FNDA:0,Messages.formatAddTranche
DA:153,0
FN:164,Messages.isAddTranche
FNDA:38512,Messages.isAddTranche
DA:165,38512
FN:168,Messages.parseAddTranche
FNDA:13677,Messages.parseAddTranche
DA:180,13677
DA:181,13677
DA:182,13677
DA:183,13677
DA:184,13677
DA:185,13677
FN:198,Messages.formatUpdateMember
FNDA:0,Messages.formatUpdateMember
DA:203,0
FN:206,Messages.formatUpdateMember
FNDA:0,Messages.formatUpdateMember
DA:211,0
FN:214,Messages.isUpdateMember
FNDA:24835,Messages.isUpdateMember
DA:215,24835
FN:218,Messages.parseUpdateMember
FNDA:8960,Messages.parseUpdateMember
DA:223,8960
DA:224,8960
DA:225,8960
DA:226,8960
FN:238,Messages.formatUpdateTrancheTokenPrice
FNDA:0,Messages.formatUpdateTrancheTokenPrice
DA:243,0
FN:246,Messages.isUpdateTrancheTokenPrice
FNDA:15875,Messages.isUpdateTrancheTokenPrice
DA:247,15875
FN:250,Messages.parseUpdateTrancheTokenPrice
FNDA:5376,Messages.parseUpdateTrancheTokenPrice
DA:255,5376
DA:256,5376
DA:257,5376
DA:258,5376
FN:270,Messages.formatTransfer
FNDA:1280,Messages.formatTransfer
DA:275,1280
FN:278,Messages.isTransfer
FNDA:10499,Messages.isTransfer
DA:279,10499
FN:282,Messages.parseTransfer
FNDA:0,Messages.parseTransfer
DA:287,0
DA:288,0
DA:289,0
DA:290,0
FN:295,Messages.parseIncomingTransfer
FNDA:768,Messages.parseIncomingTransfer
DA:300,768
DA:301,768
DA:302,768
FN:316,Messages.formatTransferTrancheTokens
FNDA:1024,Messages.formatTransferTrancheTokens
DA:324,1024
FN:333,Messages.formatTransferTrancheTokens
FNDA:512,Messages.formatTransferTrancheTokens
DA:341,512
FN:346,Messages.isTransferTrancheTokens
FNDA:9731,Messages.isTransferTrancheTokens
DA:347,9731
FN:352,Messages.parseTransferTrancheTokens20
FNDA:1024,Messages.parseTransferTrancheTokens20
DA:357,1024
DA:358,1024
DA:361,1024
DA:362,1024
FN:375,Messages.formatIncreaseInvestOrder
FNDA:5632,Messages.formatIncreaseInvestOrder
DA:382,5632
FN:385,Messages.isIncreaseInvestOrder
FNDA:0,Messages.isIncreaseInvestOrder
DA:386,0
FN:389,Messages.parseIncreaseInvestOrder
FNDA:0,Messages.parseIncreaseInvestOrder
DA:394,0
DA:395,0
DA:396,0
DA:397,0
DA:398,0
FN:411,Messages.formatDecreaseInvestOrder
FNDA:512,Messages.formatDecreaseInvestOrder
DA:418,512
FN:421,Messages.isDecreaseInvestOrder
FNDA:0,Messages.isDecreaseInvestOrder
DA:422,0
FN:425,Messages.parseDecreaseInvestOrder
FNDA:0,Messages.parseDecreaseInvestOrder
DA:430,0
FN:443,Messages.formatIncreaseRedeemOrder
FNDA:2816,Messages.formatIncreaseRedeemOrder
DA:450,2816
FN:453,Messages.isIncreaseRedeemOrder
FNDA:0,Messages.isIncreaseRedeemOrder
DA:454,0
FN:457,Messages.parseIncreaseRedeemOrder
FNDA:0,Messages.parseIncreaseRedeemOrder
DA:462,0
FN:475,Messages.formatDecreaseRedeemOrder
FNDA:512,Messages.formatDecreaseRedeemOrder
DA:482,512
FN:485,Messages.isDecreaseRedeemOrder
FNDA:0,Messages.isDecreaseRedeemOrder
DA:486,0
FN:489,Messages.parseDecreaseRedeemOrder
FNDA:0,Messages.parseDecreaseRedeemOrder
DA:494,0
FN:505,Messages.formatCollectInvest
FNDA:512,Messages.formatCollectInvest
DA:510,512
FN:513,Messages.isCollectInvest
FNDA:0,Messages.isCollectInvest
DA:514,0
FN:517,Messages.parseCollectInvest
FNDA:0,Messages.parseCollectInvest
DA:522,0
DA:523,0
DA:524,0
DA:525,0
FN:536,Messages.formatCollectRedeem
FNDA:512,Messages.formatCollectRedeem
DA:541,512
FN:544,Messages.isCollectRedeem
FNDA:0,Messages.isCollectRedeem
DA:545,0
FN:548,Messages.parseCollectRedeem
FNDA:0,Messages.parseCollectRedeem
DA:553,0
DA:554,0
DA:555,0
DA:556,0
FN:559,Messages.formatExecutedDecreaseInvestOrder
FNDA:0,Messages.formatExecutedDecreaseInvestOrder
DA:567,0
FN:578,Messages.isExecutedDecreaseInvestOrder
FNDA:8707,Messages.isExecutedDecreaseInvestOrder
DA:579,8707
FN:582,Messages.parseExecutedDecreaseInvestOrder
FNDA:512,Messages.parseExecutedDecreaseInvestOrder
DA:594,512
DA:595,512
DA:596,512
DA:597,512
DA:598,512
DA:599,512
FN:602,Messages.formatExecutedDecreaseRedeemOrder
FNDA:0,Messages.formatExecutedDecreaseRedeemOrder
DA:610,0
FN:621,Messages.isExecutedDecreaseRedeemOrder
FNDA:8195,Messages.isExecutedDecreaseRedeemOrder
DA:622,8195
FN:625,Messages.parseExecutedDecreaseRedeemOrder
FNDA:512,Messages.parseExecutedDecreaseRedeemOrder
DA:637,512
DA:638,512
DA:639,512
DA:640,512
DA:641,512
DA:642,512
FN:645,Messages.formatExecutedCollectInvest
FNDA:0,Messages.formatExecutedCollectInvest
DA:654,0
FN:666,Messages.isExecutedCollectInvest
FNDA:7683,Messages.isExecutedCollectInvest
DA:667,7683
FN:670,Messages.parseExecutedCollectInvest
FNDA:4864,Messages.parseExecutedCollectInvest
DA:683,4864
DA:684,4864
DA:685,4864
DA:686,4864
DA:687,4864
DA:688,4864
DA:689,4864
FN:692,Messages.formatExecutedCollectRedeem
FNDA:0,Messages.formatExecutedCollectRedeem
DA:701,0
FN:713,Messages.isExecutedCollectRedeem
FNDA:2819,Messages.isExecutedCollectRedeem
DA:714,2819
FN:717,Messages.parseExecutedCollectRedeem
FNDA:1536,Messages.parseExecutedCollectRedeem
DA:730,1536
DA:731,1536
DA:732,1536
DA:733,1536
DA:734,1536
DA:735,1536
DA:736,1536
FN:739,Messages.formatScheduleUpgrade
FNDA:0,Messages.formatScheduleUpgrade
DA:740,0
FN:743,Messages.isScheduleUpgrade
FNDA:1283,Messages.isScheduleUpgrade
DA:744,1283
FN:747,Messages.parseScheduleUpgrade
FNDA:2,Messages.parseScheduleUpgrade
DA:748,2
FN:751,Messages.formatCancelUpgrade
FNDA:0,Messages.formatCancelUpgrade
DA:752,0
FN:755,Messages.isCancelUpgrade
FNDA:1281,Messages.isCancelUpgrade
DA:756,1281
FN:759,Messages.parseCancelUpgrade
FNDA:1,Messages.parseCancelUpgrade
DA:760,1
FN:772,Messages.formatUpdateTrancheTokenMetadata
FNDA:0,Messages.formatUpdateTrancheTokenMetadata
DA:778,0
FN:787,Messages.isUpdateTrancheTokenMetadata
FNDA:1280,Messages.isUpdateTrancheTokenMetadata
DA:788,1280
FN:791,Messages.parseUpdateTrancheTokenMetadata
FNDA:512,Messages.parseUpdateTrancheTokenMetadata
DA:796,512
DA:797,512
DA:798,512
DA:799,512
FN:802,Messages.formatCancelInvestOrder
FNDA:512,Messages.formatCancelInvestOrder
DA:807,512
FN:810,Messages.parseCancelInvestOrder
FNDA:0,Messages.parseCancelInvestOrder
DA:815,0
DA:816,0
DA:817,0
DA:818,0
FN:821,Messages.formatCancelRedeemOrder
FNDA:512,Messages.formatCancelRedeemOrder
DA:826,512
FN:829,Messages.parseCancelRedeemOrder
FNDA:0,Messages.parseCancelRedeemOrder
DA:834,0
DA:835,0
DA:836,0
DA:837,0
FN:850,Messages.formatTriggerIncreaseRedeemOrder
FNDA:0,Messages.formatTriggerIncreaseRedeemOrder
DA:857,0
FN:862,Messages.isTriggerIncreaseRedeemOrder
FNDA:768,Messages.isTriggerIncreaseRedeemOrder
DA:863,768
FN:866,Messages.parseTriggerIncreaseRedeemOrder
FNDA:256,Messages.parseTriggerIncreaseRedeemOrder
DA:871,256
DA:872,256
DA:873,256
DA:874,256
DA:875,256
FN:887,Messages.formatFreeze
FNDA:0,Messages.formatFreeze
DA:888,0
FN:891,Messages.isFreeze
FNDA:512,Messages.isFreeze
DA:892,512
FN:895,Messages.parseFreeze
FNDA:256,Messages.parseFreeze
DA:896,256
DA:897,256
DA:898,256
FN:910,Messages.formatUnfreeze
FNDA:0,Messages.formatUnfreeze
DA:911,0
FN:914,Messages.isUnfreeze
FNDA:256,Messages.isUnfreeze
DA:915,256
FN:918,Messages.parseUnfreeze
FNDA:256,Messages.parseUnfreeze
DA:919,256
DA:920,256
DA:921,256
FN:925,Messages.formatDomain
FNDA:769,Messages.formatDomain
DA:926,769
FN:929,Messages.formatDomain
FNDA:1796,Messages.formatDomain
DA:930,1796
FN:933,Messages._stringToBytes128
FNDA:0,Messages._stringToBytes128
DA:934,0
DA:935,0
DA:937,0
DA:938,0
BRDA:938,0,0,-
BRDA:938,0,1,-
DA:939,0
DA:941,0
DA:945,0
FN:948,Messages._bytes128ToString
FNDA:14189,Messages._bytes128ToString
DA:949,14189
BRDA:949,1,0,-
BRDA:949,1,1,14189
DA:951,14189
DA:952,403108
DA:953,388919
DA:956,14189
DA:958,14189
DA:959,388919
DA:962,14189
FN:965,Messages._stringToBytes32
FNDA:0,Messages._stringToBytes32
DA:966,0
DA:967,0
BRDA:967,2,0,-
BRDA:967,2,1,-
DA:968,0
DA:972,0
FN:976,Messages._bytes32ToString
FNDA:14189,Messages._bytes32ToString
DA:977,14189
DA:978,239957
DA:979,225768
DA:981,14189
DA:982,14189
DA:983,225768
DA:985,14189
FNF:86
FNH:52
LF:178
LH:116
BRF:6
BRH:1
end_of_record
TN:
SF:src/gateway/routers/axelar/Router.sol
FN:61,AxelarRouter.file
FNDA:513,AxelarRouter.file
DA:62,257
BRDA:62,0,0,256
BRDA:62,0,1,1
DA:63,256
DA:65,1
DA:68,256
FN:72,AxelarRouter.execute
FNDA:1280,AxelarRouter.execute
DA:78,512
DA:79,512
BRDA:79,1,0,256
BRDA:79,1,1,256
DA:84,256
FN:88,AxelarRouter.send
FNDA:512,AxelarRouter.send
DA:89,256
FNF:3
FNH:3
LF:8
LH:8
BRF:4
BRH:4
end_of_record
TN:
SF:src/gateway/routers/xcm/Router.sol
FN:89,XCMRouter.file
FNDA:0,XCMRouter.file
DA:90,0
BRDA:90,0,0,-
BRDA:90,0,1,-
DA:91,0
DA:93,0
DA:96,0
FN:99,XCMRouter.file
FNDA:0,XCMRouter.file
DA:103,0
BRDA:103,1,0,-
BRDA:103,1,1,-
DA:104,0
DA:106,0
DA:109,0
FN:113,XCMRouter.handle
FNDA:0,XCMRouter.handle
DA:114,0
FN:118,XCMRouter.send
FNDA:0,XCMRouter.send
DA:119,0
DA:121,0
DA:123,0
FN:141,XCMRouter._centrifugeHandleCall
FNDA:0,XCMRouter._centrifugeHandleCall
DA:142,0
FN:156,XCMRouter.messageLengthScaleEncoded
FNDA:0,XCMRouter.messageLengthScaleEncoded
DA:157,0
BRDA:157,2,0,-
BRDA:157,2,1,-
DA:158,0
DA:159,0
BRDA:159,3,0,-
BRDA:159,3,1,-
DA:161,0
DA:162,0
BRDA:162,4,0,-
BRDA:162,4,1,-
DA:163,0
DA:164,0
BRDA:164,5,0,-
BRDA:164,5,1,-
DA:165,0
DA:166,0
BRDA:166,6,0,-
BRDA:166,6,1,-
DA:167,0
DA:168,0
BRDA:168,7,0,-
BRDA:168,7,1,-
DA:169,0
DA:170,0
BRDA:170,8,0,-
BRDA:170,8,1,-
DA:171,0
DA:172,0
BRDA:172,9,0,-
BRDA:172,9,1,-
DA:173,0
DA:175,0
FN:181,XCMRouter._centrifugeParachainMultilocation
FNDA:0,XCMRouter._centrifugeParachainMultilocation
DA:182,0
DA:183,0
DA:185,0
FN:188,XCMRouter._cfgAssetMultilocation
FNDA:0,XCMRouter._cfgAssetMultilocation
DA:189,0
DA:190,0
DA:191,0
DA:193,0
FN:196,XCMRouter._parachainId
FNDA:0,XCMRouter._parachainId
DA:197,0
FNF:9
FNH:0
LF:38
LH:0
BRF:20
BRH:0
end_of_record
TN:
SF:src/token/ERC20.sol
FN:60,ERC20.rely
FNDA:50503,ERC20.rely
DA:61,50503
DA:62,50503
FN:65,ERC20.deny
FNDA:12912,ERC20.deny
DA:66,12912
DA:67,12912
FN:70,ERC20._calculateDomainSeparator
FNDA:0,ERC20._calculateDomainSeparator
DA:71,0
FN:83,ERC20.DOMAIN_SEPARATOR
FNDA:1801,ERC20.DOMAIN_SEPARATOR
DA:84,1801
FN:87,ERC20.file
FNDA:35040,ERC20.file
DA:88,35040
BRDA:88,0,0,17520
BRDA:88,0,1,17520
DA:89,17520
BRDA:89,1,0,17520
BRDA:89,1,1,-
DA:90,0
DA:91,35040
FN:95,ERC20.transfer
FNDA:5381,ERC20.transfer
DA:96,5381
BRDA:96,2,0,2
BRDA:96,2,1,5379
DA:97,5379
DA:98,5379
BRDA:98,3,0,1023
BRDA:98,3,1,4356
DA:101,4356
DA:102,4356
DA:105,4356
DA:107,4356
FN:110,ERC20.transferFrom
FNDA:20998,ERC20.transferFrom
DA:111,20998
BRDA:111,4,0,2
BRDA:111,4,1,20996
DA:112,20996
DA:113,20996
BRDA:113,5,0,1281
BRDA:113,5,1,19715
DA:115,19715
BRDA:115,6,0,1536
BRDA:115,6,1,8698
DA:116,19203
DA:117,19203
BRDA:117,7,0,1536
BRDA:117,7,1,8698
DA:118,10234
BRDA:118,8,0,1536
BRDA:118,8,1,8698
DA:120,8698
DA:126,18179
DA:127,18179
DA:130,18179
DA:132,18179
FN:135,ERC20.approve
FNDA:63496,ERC20.approve
DA:136,63496
DA:138,63496
DA:140,63496
FN:143,ERC20.increaseAllowance
FNDA:3,ERC20.increaseAllowance
DA:144,3
DA:145,3
DA:147,3
DA:149,3
FN:152,ERC20.decreaseAllowance
FNDA:2,ERC20.decreaseAllowance
DA:153,2
DA:154,2
BRDA:154,9,0,1
BRDA:154,9,1,1
DA:156,1
DA:158,1
DA:160,1
DA:162,1
FN:166,ERC20.mint
FNDA:18183,ERC20.mint
DA:167,17927
BRDA:167,10,0,5
BRDA:167,10,1,17922
DA:169,17922
DA:171,17922
DA:173,17922
FN:176,ERC20.burn
FNDA:3327,ERC20.burn
DA:177,3327
DA:178,3327
BRDA:178,11,0,255
BRDA:178,11,1,3072
DA:180,3072
BRDA:180,12,0,256
BRDA:180,12,1,768
DA:181,2816
DA:182,2816
BRDA:182,13,0,256
BRDA:182,13,1,768
DA:183,1024
BRDA:183,14,0,256
BRDA:183,14,1,768
DA:186,768
DA:192,2816
DA:193,2816
DA:196,2816
FN:200,ERC20._isValidSignature
FNDA:1799,ERC20._isValidSignature
DA:201,1799
BRDA:201,15,0,1026
BRDA:201,15,1,771
DA:202,1797
DA:203,1797
DA:204,1797
DA:206,1797
DA:207,1797
DA:208,1797
DA:210,1797
BRDA:210,16,0,1026
BRDA:210,16,1,771
DA:211,1026
DA:215,773
DA:216,773
DA:217,773
FN:220,ERC20.permit
FNDA:2,ERC20.permit
DA:221,2056
BRDA:221,17,0,257
BRDA:221,17,1,1799
DA:222,1799
BRDA:222,18,0,-
BRDA:222,18,1,1799
DA:224,1799
DA:226,1799
DA:229,1799
DA:237,1799
BRDA:237,19,0,772
BRDA:237,19,1,1027
DA:239,1027
DA:240,1027
FN:243,ERC20.permit
FNDA:2054,ERC20.permit
DA:246,2054
FN:250,ERC20.authTransferFrom
FNDA:768,ERC20.authTransferFrom
DA:251,512
BRDA:251,20,0,-
BRDA:251,20,1,512
DA:252,512
DA:253,512
BRDA:253,21,0,-
BRDA:253,21,1,512
DA:256,512
DA:257,512
DA:260,512
DA:262,512
FNF:16
FNH:15
LF:84
LH:82
BRF:44
BRH:40
end_of_record
TN:
SF:src/token/RestrictionManager.sol
FN:48,RestrictionManager.detectTransferRestriction
FNDA:32000,RestrictionManager.detectTransferRestriction
DA:49,32000
BRDA:49,0,0,1024
BRDA:49,0,1,30976
DA:50,1024
DA:53,30976
BRDA:53,1,0,3584
BRDA:53,1,1,27392
DA:54,3584
DA:57,27392
FN:60,RestrictionManager.messageForTransferRestriction
FNDA:23040,RestrictionManager.messageForTransferRestriction
DA:61,23040
BRDA:61,2,0,768
BRDA:61,2,1,22272
DA:62,768
DA:65,22272
BRDA:65,3,0,3328
BRDA:65,3,1,18944
DA:66,3328
DA:69,18944
FN:73,RestrictionManager.freeze
FNDA:1024,RestrictionManager.freeze
DA:74,1024
DA:75,1024
FN:78,RestrictionManager.unfreeze
FNDA:1024,RestrictionManager.unfreeze
DA:79,1024
DA:80,1024
FN:84,RestrictionManager.member
FNDA:256,RestrictionManager.member
DA:85,256
BRDA:85,4,0,-
BRDA:85,4,1,256
FN:88,RestrictionManager.hasMember
FNDA:1536,RestrictionManager.hasMember
DA:89,32512
BRDA:89,5,0,28672
BRDA:89,5,1,3840
DA:90,28672
DA:92,3840
FN:96,RestrictionManager.updateMember
FNDA:25197,RestrictionManager.updateMember
DA:97,25965
BRDA:97,6,0,-
BRDA:97,6,1,25965
DA:98,25965
DA:100,25965
FN:103,RestrictionManager.updateMembers
FNDA:256,RestrictionManager.updateMembers
DA:104,256
DA:105,256
DA:106,768
FNF:8
FNH:8
LF:24
LH:24
BRF:14
BRH:12
end_of_record
TN:
SF:src/token/Tranche.sol
FN:43,TrancheToken.file
FNDA:12400,TrancheToken.file
DA:44,12399
BRDA:44,0,0,12398
BRDA:44,0,1,1
DA:45,1
DA:46,12398
FN:49,TrancheToken.addLiquidityPool
FNDA:11779,TrancheToken.addLiquidityPool
DA:50,11778
DA:51,11778
FN:54,TrancheToken.removeLiquidityPool
FNDA:770,TrancheToken.removeLiquidityPool
DA:55,769
DA:56,769
FN:60,TrancheToken.transfer
FNDA:2304,TrancheToken.transfer
DA:61,1536
FN:64,TrancheToken.transferFrom
FNDA:10240,TrancheToken.transferFrom
DA:70,8960
FN:73,TrancheToken.mint
FNDA:10496,TrancheToken.mint
DA:74,8448
FN:77,TrancheToken.detectTransferRestriction
FNDA:0,TrancheToken.detectTransferRestriction
DA:78,23040
FN:81,TrancheToken.checkTransferRestriction
FNDA:8960,TrancheToken.checkTransferRestriction
DA:82,8960
FN:85,TrancheToken.messageForTransferRestriction
FNDA:0,TrancheToken.messageForTransferRestriction
DA:86,23040
FN:89,TrancheToken.SUCCESS_CODE
FNDA:0,TrancheToken.SUCCESS_CODE
DA:90,32000
FN:94,TrancheToken.isTrustedForwarder
FNDA:3076,TrancheToken.isTrustedForwarder
DA:98,221962
FN:104,TrancheToken._msgSender
FNDA:218886,TrancheToken._msgSender
DA:105,218886
BRDA:105,1,0,90115
BRDA:105,1,1,128771
DA:109,90115
DA:112,128771
FNF:12
FNH:9
LF:18
LH:18
BRF:4
BRH:4
end_of_record
TN:
SF:src/util/Auth.sol
FN:14,Auth.rely
FNDA:67291,Auth.rely
DA:15,67291
DA:16,67291
FN:20,Auth.deny
FNDA:24431,Auth.deny
DA:21,24431
DA:22,24431
FNF:2
FNH:2
LF:4
LH:4
BRF:0
BRH:0
end_of_record
TN:
SF:src/util/BytesLib.sol
FN:9,BytesLib.slice
FNDA:0,BytesLib.slice
DA:10,0
BRDA:10,0,0,-
BRDA:10,0,1,-
DA:11,0
BRDA:11,1,0,-
BRDA:11,1,1,-
DA:13,0
DA:65,0
FN:68,BytesLib.toAddress
FNDA:0,BytesLib.toAddress
DA:69,0
BRDA:69,2,0,-
BRDA:69,2,1,-
DA:70,0
DA:73,0
DA:76,0
FN:79,BytesLib.toUint8
FNDA:0,BytesLib.toUint8
DA:80,0
BRDA:80,3,0,-
BRDA:80,3,1,-
DA:81,0
DA:84,0
DA:87,0
FN:90,BytesLib.toUint64
FNDA:0,BytesLib.toUint64
DA:91,0
BRDA:91,4,0,-
BRDA:91,4,1,-
DA:92,0
DA:95,0
DA:98,0
FN:101,BytesLib.toUint128
FNDA:0,BytesLib.toUint128
DA:102,0
BRDA:102,5,0,-
BRDA:102,5,1,-
DA:103,0
DA:106,0
DA:109,0
FN:112,BytesLib.toBytes32
FNDA:0,BytesLib.toBytes32
DA:113,0
BRDA:113,6,0,-
BRDA:113,6,1,-
DA:114,0
DA:117,0
DA:120,0
FN:123,BytesLib.toBytes16
FNDA:0,BytesLib.toBytes16
DA:124,0
BRDA:124,7,0,-
BRDA:124,7,1,-
DA:125,0
DA:128,0
DA:131,0
FNF:7
FNH:0
LF:28
LH:0
BRF:16
BRH:0
end_of_record
TN:
SF:src/util/Context.sol
FN:13,Context._msgSender
FNDA:263735,Context._msgSender
DA:14,263735
FNF:1
FNH:1
LF:1
LH:1
BRF:0
BRH:0
end_of_record
TN:
SF:src/util/Factory.sol
FN:124,RestrictionManagerFactory.newRestrictionManager
FNDA:12397,RestrictionManagerFactory.newRestrictionManager
DA:128,12397
DA:130,12397
DA:132,12397
DA:133,12397
DA:134,12397
DA:136,12397
DA:138,12397
FN:79,TrancheTokenFactory.newTrancheToken
FNDA:13165,TrancheTokenFactory.newTrancheToken
DA:89,13165
DA:91,13165
DA:93,12909
DA:94,12909
DA:96,12909
DA:97,12909
DA:98,25818
DA:100,12909
DA:102,12909
FN:36,LiquidityPoolFactory.newLiquidityPool
FNDA:10752,LiquidityPoolFactory.newLiquidityPool
DA:44,10752
DA:46,10752
DA:47,10752
DA:48,10752
DA:50,10752
DA:51,10752
FNF:3
FNH:3
LF:22
LH:22
BRF:0
BRH:0
end_of_record
TN:
SF:src/util/MathLib.sol
FN:19,MathLib.mulDiv
FNDA:0,MathLib.mulDiv
DA:24,0
DA:25,0
DA:28,0
DA:29,0
DA:33,0
BRDA:33,0,0,-
BRDA:33,0,1,-
DA:34,0
DA:38,0
BRDA:38,1,0,-
BRDA:38,1,1,-
DA:45,0
DA:48,0
DA:51,0
DA:52,0
DA:59,0
DA:62,0
DA:65,0
DA:68,0
DA:72,0
DA:77,0
DA:81,0
DA:82,0
DA:83,0
DA:84,0
DA:85,0
DA:86,0
DA:92,0
DA:93,0
FN:100,MathLib.mulDiv
FNDA:0,MathLib.mulDiv
DA:101,0
DA:102,0
BRDA:102,2,0,-
BRDA:102,2,1,-
DA:103,0
DA:105,0
FN:111,MathLib.max
FNDA:0,MathLib.max
DA:112,0
FNF:3
FNH:0
LF:30
LH:0
BRF:6
BRH:0
end_of_record
TN:
SF:src/util/SafeTransferLib.sol
FN:15,SafeTransferLib.safeTransferFrom
FNDA:11267,SafeTransferLib.safeTransferFrom
DA:16,11267
DA:17,11267
DA:18,11267
BRDA:18,0,0,1024
BRDA:18,0,1,10243
FN:26,SafeTransferLib.safeTransfer
FNDA:3331,SafeTransferLib.safeTransfer
DA:27,3331
DA:28,3331
BRDA:28,1,0,-
BRDA:28,1,1,3331
FN:36,SafeTransferLib.safeApprove
FNDA:49412,SafeTransferLib.safeApprove
DA:37,49412
DA:38,49412
BRDA:38,2,0,-
BRDA:38,2,1,49412
FNF:3
FNH:3
LF:7
LH:7
BRF:6
BRH:4
end_of_record
TN:
SF:test/Invariants.t.sol
FN:23,PoolInvariants.setUp
FNDA:0,PoolInvariants.setUp
DA:24,0
DA:27,0
DA:28,0
DA:31,0
DA:32,0
FN:36,PoolInvariants.invariant_LiquidityPoolRequiresTrancheAndPool
FNDA:0,PoolInvariants.invariant_LiquidityPoolRequiresTrancheAndPool
DA:37,0
DA:38,0
DA:39,0
DA:40,0
DA:41,0
DA:42,0
DA:43,0
DA:44,0
DA:45,0
FN:50,PoolInvariants.invariant_tokenSolvency
FNDA:0,PoolInvariants.invariant_tokenSolvency
DA:51,0
FN:58,PoolInvariants.invariant_investorSolvency
FNDA:0,PoolInvariants.invariant_investorSolvency
DA:59,0
DA:60,0
DA:61,0
DA:62,0
FN:69,PoolInvariants.invariant_totalSupply
FNDA:0,PoolInvariants.invariant_totalSupply
DA:70,0
DA:71,0
DA:72,0
DA:73,0
DA:75,0
FNF:5
FNH:0
LF:24
LH:0
BRF:0
BRH:0
end_of_record
TN:
SF:test/TestSetup.t.sol
FN:38,TestSetup.setUp
FNDA:512,TestSetup.setUp
DA:39,512
DA:40,512
DA:42,512
DA:45,512
DA:47,512
DA:49,512
DA:51,512
DA:55,512
DA:56,512
DA:57,512
FN:61,TestSetup.deployLiquidityPool
FNDA:512,TestSetup.deployLiquidityPool
DA:70,512
DA:71,512
DA:73,512
DA:74,512
DA:75,512
DA:77,512
DA:78,512
FN:81,TestSetup.deployLiquidityPool
FNDA:0,TestSetup.deployLiquidityPool
DA:89,0
FN:93,TestSetup._addressToBytes32
FNDA:0,TestSetup._addressToBytes32
DA:94,0
FN:97,TestSetup._newErc20
FNDA:512,TestSetup._newErc20
DA:98,512
DA:99,512
DA:100,512
DA:101,512
FN:104,TestSetup._stringToBytes32
FNDA:0,TestSetup._stringToBytes32
DA:105,0
DA:106,0
BRDA:106,0,0,-
BRDA:106,0,1,-
DA:107,0
DA:111,0
FN:115,TestSetup._bytes32ToString
FNDA:0,TestSetup._bytes32ToString
DA:116,0
DA:117,0
DA:118,0
DA:121,0
DA:122,0
DA:123,0
DA:125,0
FN:128,TestSetup._stringToBytes128
FNDA:0,TestSetup._stringToBytes128
DA:129,0
DA:130,0
DA:132,0
DA:133,0
BRDA:133,1,0,-
BRDA:133,1,1,-
DA:134,0
DA:136,0
DA:140,0
FN:143,TestSetup._bytes128ToString
FNDA:0,TestSetup._bytes128ToString
DA:144,0
BRDA:144,2,0,-
BRDA:144,2,1,-
DA:146,0
DA:147,0
DA:148,0
DA:151,0
DA:153,0
DA:154,0
DA:157,0
FNF:9
FNH:3
LF:49
LH:21
BRF:6
BRH:0
end_of_record
TN:
SF:test/accounts/InvestorManager.sol
FN:38,InvestorManager.addInvestor
FNDA:0,InvestorManager.addInvestor
DA:39,0
DA:40,0
FN:43,InvestorManager.transferIn
FNDA:0,InvestorManager.transferIn
DA:44,0
DA:45,0
DA:46,0
DA:47,0
DA:49,0
DA:50,0
DA:51,0
FN:54,InvestorManager.transferOut
FNDA:0,InvestorManager.transferOut
DA:55,0
DA:56,0
DA:57,0
DA:58,0
DA:59,0
DA:60,0
DA:61,0
DA:63,0
DA:64,0
FN:67,InvestorManager.allInvestorsLength
FNDA:0,InvestorManager.allInvestorsLength
DA:68,0
FNF:4
FNH:0
LF:19
LH:0
BRF:0
BRH:0
end_of_record
TN:
SF:test/mock/AxelarGatewayMock.sol
FN:9,AxelarGatewayMock.validateContractCall
FNDA:512,AxelarGatewayMock.validateContractCall
DA:10,512
FN:13,AxelarGatewayMock.callContract
FNDA:256,AxelarGatewayMock.callContract
DA:16,256
DA:17,256
DA:18,256
FNF:2
FNH:2
LF:4
LH:4
BRF:0
BRH:0
end_of_record
TN:
SF:test/mock/GatewayMock.sol
FN:10,GatewayMock.handle
FNDA:256,GatewayMock.handle
DA:11,256
FN:15,GatewayMock.transferTrancheTokensToCentrifuge
FNDA:0,GatewayMock.transferTrancheTokensToCentrifuge
DA:22,0
DA:23,0
DA:24,0
DA:25,0
DA:26,0
FN:29,GatewayMock.transferTrancheTokensToEVM
FNDA:0,GatewayMock.transferTrancheTokensToEVM
DA:37,0
DA:38,0
DA:39,0
DA:40,0
DA:41,0
DA:42,0
FN:45,GatewayMock.transfer
FNDA:0,GatewayMock.transfer
DA:46,0
DA:47,0
DA:48,0
DA:49,0
FN:52,GatewayMock.increaseInvestOrder
FNDA:0,GatewayMock.increaseInvestOrder
DA:55,0
DA:56,0
DA:57,0
DA:58,0
DA:59,0
FN:62,GatewayMock.decreaseInvestOrder
FNDA:0,GatewayMock.decreaseInvestOrder
DA:65,0
DA:66,0
DA:67,0
DA:68,0
DA:69,0
FN:72,GatewayMock.increaseRedeemOrder
FNDA:0,GatewayMock.increaseRedeemOrder
DA:75,0
DA:76,0
DA:77,0
DA:78,0
DA:79,0
FN:82,GatewayMock.collectInvest
FNDA:0,GatewayMock.collectInvest
DA:83,0
DA:84,0
DA:85,0
DA:86,0
FN:89,GatewayMock.collectRedeem
FNDA:0,GatewayMock.collectRedeem
DA:90,0
DA:91,0
DA:92,0
DA:93,0
FN:96,GatewayMock.cancelInvestOrder
FNDA:0,GatewayMock.cancelInvestOrder
DA:97,0
DA:98,0
DA:99,0
DA:100,0
FN:103,GatewayMock.cancelRedeemOrder
FNDA:0,GatewayMock.cancelRedeemOrder
DA:104,0
DA:105,0
DA:106,0
DA:107,0
FNF:11
FNH:1
LF:47
LH:1
BRF:0
BRH:0
end_of_record
TN:
SF:test/mock/Mock.sol
FN:26,Mock.call
FNDA:0,Mock.call
DA:27,0
FN:30,Mock.setReturn
FNDA:0,Mock.setReturn
DA:31,0
FN:34,Mock.setReturn
FNDA:512,Mock.setReturn
DA:35,512
FN:38,Mock.setFail
FNDA:0,Mock.setFail
DA:39,0
FNF:4
FNH:1
LF:4
LH:1
BRF:0
BRH:0
end_of_record
